[2022-11-18 19:57:32] local.ERROR: Call to a member function connection() on null {"exception":"[object] (Error(code: 0): Call to a member function connection() on null at C:\\xampp\\php\\ATTUTP\\vendor\\illuminate\\database\\Eloquent\\Model.php:1811)
[stacktrace]
#0 C:\\xampp\\php\\ATTUTP\\vendor\\illuminate\\database\\Eloquent\\Model.php(1777): Illuminate\\Database\\Eloquent\\Model::resolveConnection(NULL)
#1 C:\\xampp\\php\\ATTUTP\\vendor\\illuminate\\database\\Eloquent\\Model.php(1569): Illuminate\\Database\\Eloquent\\Model->getConnection()
#2 C:\\xampp\\php\\ATTUTP\\vendor\\illuminate\\database\\Eloquent\\Model.php(1486): Illuminate\\Database\\Eloquent\\Model->newBaseQueryBuilder()
#3 C:\\xampp\\php\\ATTUTP\\vendor\\illuminate\\database\\Eloquent\\Model.php(1522): Illuminate\\Database\\Eloquent\\Model->newModelQuery()
#4 C:\\xampp\\php\\ATTUTP\\vendor\\illuminate\\database\\Eloquent\\Model.php(1475): Illuminate\\Database\\Eloquent\\Model->newQueryWithoutScopes()
#5 C:\\xampp\\php\\ATTUTP\\vendor\\illuminate\\database\\Eloquent\\Model.php(1465): Illuminate\\Database\\Eloquent\\Model->newQuery()
#6 C:\\xampp\\php\\ATTUTP\\vendor\\illuminate\\database\\Eloquent\\Model.php(673): Illuminate\\Database\\Eloquent\\Model::query()
#7 C:\\xampp\\php\\ATTUTP\\app\\Http\\Controllers\\ControladorUsuarios.php(17): Illuminate\\Database\\Eloquent\\Model::all()
#8 C:\\xampp\\php\\ATTUTP\\vendor\\illuminate\\container\\BoundMethod.php(36): App\\Http\\Controllers\\ControladorUsuarios->indice()
#9 C:\\xampp\\php\\ATTUTP\\vendor\\illuminate\\container\\Util.php(41): Illuminate\\Container\\BoundMethod::Illuminate\\Container\\{closure}()
#10 C:\\xampp\\php\\ATTUTP\\vendor\\illuminate\\container\\BoundMethod.php(93): Illuminate\\Container\\Util::unwrapIfClosure(Object(Closure))
#11 C:\\xampp\\php\\ATTUTP\\vendor\\illuminate\\container\\BoundMethod.php(37): Illuminate\\Container\\BoundMethod::callBoundMethod(Object(Laravel\\Lumen\\Application), Array, Object(Closure))
#12 C:\\xampp\\php\\ATTUTP\\vendor\\illuminate\\container\\Container.php(651): Illuminate\\Container\\BoundMethod::call(Object(Laravel\\Lumen\\Application), Array, Array, NULL)
#13 C:\\xampp\\php\\ATTUTP\\vendor\\laravel\\lumen-framework\\src\\Concerns\\RoutesRequests.php(391): Illuminate\\Container\\Container->call(Array, Array)
#14 C:\\xampp\\php\\ATTUTP\\vendor\\laravel\\lumen-framework\\src\\Concerns\\RoutesRequests.php(357): Laravel\\Lumen\\Application->callControllerCallable(Array, Array)
#15 C:\\xampp\\php\\ATTUTP\\vendor\\laravel\\lumen-framework\\src\\Concerns\\RoutesRequests.php(331): Laravel\\Lumen\\Application->callLumenController(Object(App\\Http\\Controllers\\ControladorUsuarios), 'indice', Array)
#16 C:\\xampp\\php\\ATTUTP\\vendor\\laravel\\lumen-framework\\src\\Concerns\\RoutesRequests.php(284): Laravel\\Lumen\\Application->callControllerAction(Array)
#17 C:\\xampp\\php\\ATTUTP\\vendor\\laravel\\lumen-framework\\src\\Concerns\\RoutesRequests.php(269): Laravel\\Lumen\\Application->callActionOnArrayBasedRoute(Array)
#18 C:\\xampp\\php\\ATTUTP\\vendor\\laravel\\lumen-framework\\src\\Concerns\\RoutesRequests.php(171): Laravel\\Lumen\\Application->handleFoundRoute(Array)
#19 C:\\xampp\\php\\ATTUTP\\vendor\\laravel\\lumen-framework\\src\\Concerns\\RoutesRequests.php(431): Laravel\\Lumen\\Application->Laravel\\Lumen\\Concerns\\{closure}(Object(Laravel\\Lumen\\Http\\Request))
#20 C:\\xampp\\php\\ATTUTP\\vendor\\laravel\\lumen-framework\\src\\Concerns\\RoutesRequests.php(177): Laravel\\Lumen\\Application->sendThroughPipeline(Array, Object(Closure))
#21 C:\\xampp\\php\\ATTUTP\\vendor\\laravel\\lumen-framework\\src\\Concerns\\RoutesRequests.php(112): Laravel\\Lumen\\Application->dispatch(NULL)
#22 C:\\xampp\\php\\ATTUTP\\public\\index.php(28): Laravel\\Lumen\\Application->run()
#23 {main}
"} 
[2022-11-18 19:58:20] local.ERROR: Call to a member function connection() on null {"exception":"[object] (Error(code: 0): Call to a member function connection() on null at C:\\xampp\\php\\ATTUTP\\vendor\\illuminate\\database\\Eloquent\\Model.php:1811)
[stacktrace]
#0 C:\\xampp\\php\\ATTUTP\\vendor\\illuminate\\database\\Eloquent\\Model.php(1777): Illuminate\\Database\\Eloquent\\Model::resolveConnection(NULL)
#1 C:\\xampp\\php\\ATTUTP\\vendor\\illuminate\\database\\Eloquent\\Model.php(1569): Illuminate\\Database\\Eloquent\\Model->getConnection()
#2 C:\\xampp\\php\\ATTUTP\\vendor\\illuminate\\database\\Eloquent\\Model.php(1486): Illuminate\\Database\\Eloquent\\Model->newBaseQueryBuilder()
#3 C:\\xampp\\php\\ATTUTP\\vendor\\illuminate\\database\\Eloquent\\Model.php(1522): Illuminate\\Database\\Eloquent\\Model->newModelQuery()
#4 C:\\xampp\\php\\ATTUTP\\vendor\\illuminate\\database\\Eloquent\\Model.php(1475): Illuminate\\Database\\Eloquent\\Model->newQueryWithoutScopes()
#5 C:\\xampp\\php\\ATTUTP\\vendor\\illuminate\\database\\Eloquent\\Model.php(1465): Illuminate\\Database\\Eloquent\\Model->newQuery()
#6 C:\\xampp\\php\\ATTUTP\\vendor\\illuminate\\database\\Eloquent\\Model.php(673): Illuminate\\Database\\Eloquent\\Model::query()
#7 C:\\xampp\\php\\ATTUTP\\app\\Http\\Controllers\\ControladorUsuarios.php(17): Illuminate\\Database\\Eloquent\\Model::all()
#8 C:\\xampp\\php\\ATTUTP\\vendor\\illuminate\\container\\BoundMethod.php(36): App\\Http\\Controllers\\ControladorUsuarios->indice()
#9 C:\\xampp\\php\\ATTUTP\\vendor\\illuminate\\container\\Util.php(41): Illuminate\\Container\\BoundMethod::Illuminate\\Container\\{closure}()
#10 C:\\xampp\\php\\ATTUTP\\vendor\\illuminate\\container\\BoundMethod.php(93): Illuminate\\Container\\Util::unwrapIfClosure(Object(Closure))
#11 C:\\xampp\\php\\ATTUTP\\vendor\\illuminate\\container\\BoundMethod.php(37): Illuminate\\Container\\BoundMethod::callBoundMethod(Object(Laravel\\Lumen\\Application), Array, Object(Closure))
#12 C:\\xampp\\php\\ATTUTP\\vendor\\illuminate\\container\\Container.php(651): Illuminate\\Container\\BoundMethod::call(Object(Laravel\\Lumen\\Application), Array, Array, NULL)
#13 C:\\xampp\\php\\ATTUTP\\vendor\\laravel\\lumen-framework\\src\\Concerns\\RoutesRequests.php(391): Illuminate\\Container\\Container->call(Array, Array)
#14 C:\\xampp\\php\\ATTUTP\\vendor\\laravel\\lumen-framework\\src\\Concerns\\RoutesRequests.php(357): Laravel\\Lumen\\Application->callControllerCallable(Array, Array)
#15 C:\\xampp\\php\\ATTUTP\\vendor\\laravel\\lumen-framework\\src\\Concerns\\RoutesRequests.php(331): Laravel\\Lumen\\Application->callLumenController(Object(App\\Http\\Controllers\\ControladorUsuarios), 'indice', Array)
#16 C:\\xampp\\php\\ATTUTP\\vendor\\laravel\\lumen-framework\\src\\Concerns\\RoutesRequests.php(284): Laravel\\Lumen\\Application->callControllerAction(Array)
#17 C:\\xampp\\php\\ATTUTP\\vendor\\laravel\\lumen-framework\\src\\Concerns\\RoutesRequests.php(269): Laravel\\Lumen\\Application->callActionOnArrayBasedRoute(Array)
#18 C:\\xampp\\php\\ATTUTP\\vendor\\laravel\\lumen-framework\\src\\Concerns\\RoutesRequests.php(171): Laravel\\Lumen\\Application->handleFoundRoute(Array)
#19 C:\\xampp\\php\\ATTUTP\\vendor\\laravel\\lumen-framework\\src\\Concerns\\RoutesRequests.php(431): Laravel\\Lumen\\Application->Laravel\\Lumen\\Concerns\\{closure}(Object(Laravel\\Lumen\\Http\\Request))
#20 C:\\xampp\\php\\ATTUTP\\vendor\\laravel\\lumen-framework\\src\\Concerns\\RoutesRequests.php(177): Laravel\\Lumen\\Application->sendThroughPipeline(Array, Object(Closure))
#21 C:\\xampp\\php\\ATTUTP\\vendor\\laravel\\lumen-framework\\src\\Concerns\\RoutesRequests.php(112): Laravel\\Lumen\\Application->dispatch(NULL)
#22 C:\\xampp\\php\\ATTUTP\\public\\index.php(28): Laravel\\Lumen\\Application->run()
#23 {main}
"} 
[2022-11-18 20:00:28] local.ERROR: Call to a member function connection() on null {"exception":"[object] (Error(code: 0): Call to a member function connection() on null at C:\\xampp\\php\\ATTUTP\\vendor\\illuminate\\database\\Eloquent\\Model.php:1811)
[stacktrace]
#0 C:\\xampp\\php\\ATTUTP\\vendor\\illuminate\\database\\Eloquent\\Model.php(1777): Illuminate\\Database\\Eloquent\\Model::resolveConnection(NULL)
#1 C:\\xampp\\php\\ATTUTP\\vendor\\illuminate\\database\\Eloquent\\Model.php(1569): Illuminate\\Database\\Eloquent\\Model->getConnection()
#2 C:\\xampp\\php\\ATTUTP\\vendor\\illuminate\\database\\Eloquent\\Model.php(1486): Illuminate\\Database\\Eloquent\\Model->newBaseQueryBuilder()
#3 C:\\xampp\\php\\ATTUTP\\vendor\\illuminate\\database\\Eloquent\\Model.php(1522): Illuminate\\Database\\Eloquent\\Model->newModelQuery()
#4 C:\\xampp\\php\\ATTUTP\\vendor\\illuminate\\database\\Eloquent\\Model.php(1475): Illuminate\\Database\\Eloquent\\Model->newQueryWithoutScopes()
#5 C:\\xampp\\php\\ATTUTP\\vendor\\illuminate\\database\\Eloquent\\Model.php(1465): Illuminate\\Database\\Eloquent\\Model->newQuery()
#6 C:\\xampp\\php\\ATTUTP\\vendor\\illuminate\\database\\Eloquent\\Model.php(673): Illuminate\\Database\\Eloquent\\Model::query()
#7 C:\\xampp\\php\\ATTUTP\\app\\Http\\Controllers\\ControladorUsuarios.php(17): Illuminate\\Database\\Eloquent\\Model::all()
#8 C:\\xampp\\php\\ATTUTP\\vendor\\illuminate\\container\\BoundMethod.php(36): App\\Http\\Controllers\\ControladorUsuarios->indice()
#9 C:\\xampp\\php\\ATTUTP\\vendor\\illuminate\\container\\Util.php(41): Illuminate\\Container\\BoundMethod::Illuminate\\Container\\{closure}()
#10 C:\\xampp\\php\\ATTUTP\\vendor\\illuminate\\container\\BoundMethod.php(93): Illuminate\\Container\\Util::unwrapIfClosure(Object(Closure))
#11 C:\\xampp\\php\\ATTUTP\\vendor\\illuminate\\container\\BoundMethod.php(37): Illuminate\\Container\\BoundMethod::callBoundMethod(Object(Laravel\\Lumen\\Application), Array, Object(Closure))
#12 C:\\xampp\\php\\ATTUTP\\vendor\\illuminate\\container\\Container.php(651): Illuminate\\Container\\BoundMethod::call(Object(Laravel\\Lumen\\Application), Array, Array, NULL)
#13 C:\\xampp\\php\\ATTUTP\\vendor\\laravel\\lumen-framework\\src\\Concerns\\RoutesRequests.php(391): Illuminate\\Container\\Container->call(Array, Array)
#14 C:\\xampp\\php\\ATTUTP\\vendor\\laravel\\lumen-framework\\src\\Concerns\\RoutesRequests.php(357): Laravel\\Lumen\\Application->callControllerCallable(Array, Array)
#15 C:\\xampp\\php\\ATTUTP\\vendor\\laravel\\lumen-framework\\src\\Concerns\\RoutesRequests.php(331): Laravel\\Lumen\\Application->callLumenController(Object(App\\Http\\Controllers\\ControladorUsuarios), 'indice', Array)
#16 C:\\xampp\\php\\ATTUTP\\vendor\\laravel\\lumen-framework\\src\\Concerns\\RoutesRequests.php(284): Laravel\\Lumen\\Application->callControllerAction(Array)
#17 C:\\xampp\\php\\ATTUTP\\vendor\\laravel\\lumen-framework\\src\\Concerns\\RoutesRequests.php(269): Laravel\\Lumen\\Application->callActionOnArrayBasedRoute(Array)
#18 C:\\xampp\\php\\ATTUTP\\vendor\\laravel\\lumen-framework\\src\\Concerns\\RoutesRequests.php(171): Laravel\\Lumen\\Application->handleFoundRoute(Array)
#19 C:\\xampp\\php\\ATTUTP\\vendor\\laravel\\lumen-framework\\src\\Concerns\\RoutesRequests.php(431): Laravel\\Lumen\\Application->Laravel\\Lumen\\Concerns\\{closure}(Object(Laravel\\Lumen\\Http\\Request))
#20 C:\\xampp\\php\\ATTUTP\\vendor\\laravel\\lumen-framework\\src\\Concerns\\RoutesRequests.php(177): Laravel\\Lumen\\Application->sendThroughPipeline(Array, Object(Closure))
#21 C:\\xampp\\php\\ATTUTP\\vendor\\laravel\\lumen-framework\\src\\Concerns\\RoutesRequests.php(112): Laravel\\Lumen\\Application->dispatch(NULL)
#22 C:\\xampp\\php\\ATTUTP\\public\\index.php(28): Laravel\\Lumen\\Application->run()
#23 {main}
"} 
[2022-11-18 20:02:01] local.ERROR: Call to a member function connection() on null {"exception":"[object] (Error(code: 0): Call to a member function connection() on null at C:\\xampp\\php\\ATTUTP\\vendor\\illuminate\\database\\Eloquent\\Model.php:1811)
[stacktrace]
#0 C:\\xampp\\php\\ATTUTP\\vendor\\illuminate\\database\\Eloquent\\Model.php(1777): Illuminate\\Database\\Eloquent\\Model::resolveConnection(NULL)
#1 C:\\xampp\\php\\ATTUTP\\vendor\\illuminate\\database\\Eloquent\\Model.php(1569): Illuminate\\Database\\Eloquent\\Model->getConnection()
#2 C:\\xampp\\php\\ATTUTP\\vendor\\illuminate\\database\\Eloquent\\Model.php(1486): Illuminate\\Database\\Eloquent\\Model->newBaseQueryBuilder()
#3 C:\\xampp\\php\\ATTUTP\\vendor\\illuminate\\database\\Eloquent\\Model.php(1522): Illuminate\\Database\\Eloquent\\Model->newModelQuery()
#4 C:\\xampp\\php\\ATTUTP\\vendor\\illuminate\\database\\Eloquent\\Model.php(1475): Illuminate\\Database\\Eloquent\\Model->newQueryWithoutScopes()
#5 C:\\xampp\\php\\ATTUTP\\vendor\\illuminate\\database\\Eloquent\\Model.php(1465): Illuminate\\Database\\Eloquent\\Model->newQuery()
#6 C:\\xampp\\php\\ATTUTP\\vendor\\illuminate\\database\\Eloquent\\Model.php(673): Illuminate\\Database\\Eloquent\\Model::query()
#7 C:\\xampp\\php\\ATTUTP\\app\\Http\\Controllers\\ControladorUsuarios.php(17): Illuminate\\Database\\Eloquent\\Model::all()
#8 C:\\xampp\\php\\ATTUTP\\vendor\\illuminate\\container\\BoundMethod.php(36): App\\Http\\Controllers\\ControladorUsuarios->indice()
#9 C:\\xampp\\php\\ATTUTP\\vendor\\illuminate\\container\\Util.php(41): Illuminate\\Container\\BoundMethod::Illuminate\\Container\\{closure}()
#10 C:\\xampp\\php\\ATTUTP\\vendor\\illuminate\\container\\BoundMethod.php(93): Illuminate\\Container\\Util::unwrapIfClosure(Object(Closure))
#11 C:\\xampp\\php\\ATTUTP\\vendor\\illuminate\\container\\BoundMethod.php(37): Illuminate\\Container\\BoundMethod::callBoundMethod(Object(Laravel\\Lumen\\Application), Array, Object(Closure))
#12 C:\\xampp\\php\\ATTUTP\\vendor\\illuminate\\container\\Container.php(651): Illuminate\\Container\\BoundMethod::call(Object(Laravel\\Lumen\\Application), Array, Array, NULL)
#13 C:\\xampp\\php\\ATTUTP\\vendor\\laravel\\lumen-framework\\src\\Concerns\\RoutesRequests.php(391): Illuminate\\Container\\Container->call(Array, Array)
#14 C:\\xampp\\php\\ATTUTP\\vendor\\laravel\\lumen-framework\\src\\Concerns\\RoutesRequests.php(357): Laravel\\Lumen\\Application->callControllerCallable(Array, Array)
#15 C:\\xampp\\php\\ATTUTP\\vendor\\laravel\\lumen-framework\\src\\Concerns\\RoutesRequests.php(331): Laravel\\Lumen\\Application->callLumenController(Object(App\\Http\\Controllers\\ControladorUsuarios), 'indice', Array)
#16 C:\\xampp\\php\\ATTUTP\\vendor\\laravel\\lumen-framework\\src\\Concerns\\RoutesRequests.php(284): Laravel\\Lumen\\Application->callControllerAction(Array)
#17 C:\\xampp\\php\\ATTUTP\\vendor\\laravel\\lumen-framework\\src\\Concerns\\RoutesRequests.php(269): Laravel\\Lumen\\Application->callActionOnArrayBasedRoute(Array)
#18 C:\\xampp\\php\\ATTUTP\\vendor\\laravel\\lumen-framework\\src\\Concerns\\RoutesRequests.php(171): Laravel\\Lumen\\Application->handleFoundRoute(Array)
#19 C:\\xampp\\php\\ATTUTP\\vendor\\laravel\\lumen-framework\\src\\Concerns\\RoutesRequests.php(431): Laravel\\Lumen\\Application->Laravel\\Lumen\\Concerns\\{closure}(Object(Laravel\\Lumen\\Http\\Request))
#20 C:\\xampp\\php\\ATTUTP\\vendor\\laravel\\lumen-framework\\src\\Concerns\\RoutesRequests.php(177): Laravel\\Lumen\\Application->sendThroughPipeline(Array, Object(Closure))
#21 C:\\xampp\\php\\ATTUTP\\vendor\\laravel\\lumen-framework\\src\\Concerns\\RoutesRequests.php(112): Laravel\\Lumen\\Application->dispatch(NULL)
#22 C:\\xampp\\php\\ATTUTP\\public\\index.php(28): Laravel\\Lumen\\Application->run()
#23 {main}
"} 
[2022-11-18 20:02:57] local.ERROR: Call to a member function connection() on null {"exception":"[object] (Error(code: 0): Call to a member function connection() on null at C:\\xampp\\php\\ATTUTP\\vendor\\illuminate\\database\\Eloquent\\Model.php:1811)
[stacktrace]
#0 C:\\xampp\\php\\ATTUTP\\vendor\\illuminate\\database\\Eloquent\\Model.php(1777): Illuminate\\Database\\Eloquent\\Model::resolveConnection(NULL)
#1 C:\\xampp\\php\\ATTUTP\\vendor\\illuminate\\database\\Eloquent\\Model.php(1569): Illuminate\\Database\\Eloquent\\Model->getConnection()
#2 C:\\xampp\\php\\ATTUTP\\vendor\\illuminate\\database\\Eloquent\\Model.php(1486): Illuminate\\Database\\Eloquent\\Model->newBaseQueryBuilder()
#3 C:\\xampp\\php\\ATTUTP\\vendor\\illuminate\\database\\Eloquent\\Model.php(1107): Illuminate\\Database\\Eloquent\\Model->newModelQuery()
#4 C:\\xampp\\php\\ATTUTP\\app\\Http\\Controllers\\ControladorUsuarios.php(37): Illuminate\\Database\\Eloquent\\Model->save()
#5 C:\\xampp\\php\\ATTUTP\\vendor\\illuminate\\container\\BoundMethod.php(36): App\\Http\\Controllers\\ControladorUsuarios->crear(Object(Laravel\\Lumen\\Http\\Request))
#6 C:\\xampp\\php\\ATTUTP\\vendor\\illuminate\\container\\Util.php(41): Illuminate\\Container\\BoundMethod::Illuminate\\Container\\{closure}()
#7 C:\\xampp\\php\\ATTUTP\\vendor\\illuminate\\container\\BoundMethod.php(93): Illuminate\\Container\\Util::unwrapIfClosure(Object(Closure))
#8 C:\\xampp\\php\\ATTUTP\\vendor\\illuminate\\container\\BoundMethod.php(37): Illuminate\\Container\\BoundMethod::callBoundMethod(Object(Laravel\\Lumen\\Application), Array, Object(Closure))
#9 C:\\xampp\\php\\ATTUTP\\vendor\\illuminate\\container\\Container.php(651): Illuminate\\Container\\BoundMethod::call(Object(Laravel\\Lumen\\Application), Array, Array, NULL)
#10 C:\\xampp\\php\\ATTUTP\\vendor\\laravel\\lumen-framework\\src\\Concerns\\RoutesRequests.php(391): Illuminate\\Container\\Container->call(Array, Array)
#11 C:\\xampp\\php\\ATTUTP\\vendor\\laravel\\lumen-framework\\src\\Concerns\\RoutesRequests.php(357): Laravel\\Lumen\\Application->callControllerCallable(Array, Array)
#12 C:\\xampp\\php\\ATTUTP\\vendor\\laravel\\lumen-framework\\src\\Concerns\\RoutesRequests.php(331): Laravel\\Lumen\\Application->callLumenController(Object(App\\Http\\Controllers\\ControladorUsuarios), 'crear', Array)
#13 C:\\xampp\\php\\ATTUTP\\vendor\\laravel\\lumen-framework\\src\\Concerns\\RoutesRequests.php(284): Laravel\\Lumen\\Application->callControllerAction(Array)
#14 C:\\xampp\\php\\ATTUTP\\vendor\\laravel\\lumen-framework\\src\\Concerns\\RoutesRequests.php(269): Laravel\\Lumen\\Application->callActionOnArrayBasedRoute(Array)
#15 C:\\xampp\\php\\ATTUTP\\vendor\\laravel\\lumen-framework\\src\\Concerns\\RoutesRequests.php(171): Laravel\\Lumen\\Application->handleFoundRoute(Array)
#16 C:\\xampp\\php\\ATTUTP\\vendor\\laravel\\lumen-framework\\src\\Concerns\\RoutesRequests.php(431): Laravel\\Lumen\\Application->Laravel\\Lumen\\Concerns\\{closure}(Object(Laravel\\Lumen\\Http\\Request))
#17 C:\\xampp\\php\\ATTUTP\\vendor\\laravel\\lumen-framework\\src\\Concerns\\RoutesRequests.php(177): Laravel\\Lumen\\Application->sendThroughPipeline(Array, Object(Closure))
#18 C:\\xampp\\php\\ATTUTP\\vendor\\laravel\\lumen-framework\\src\\Concerns\\RoutesRequests.php(112): Laravel\\Lumen\\Application->dispatch(NULL)
#19 C:\\xampp\\php\\ATTUTP\\public\\index.php(28): Laravel\\Lumen\\Application->run()
#20 {main}
"} 
[2022-11-18 20:03:10] local.ERROR: Call to a member function connection() on null {"exception":"[object] (Error(code: 0): Call to a member function connection() on null at C:\\xampp\\php\\ATTUTP\\vendor\\illuminate\\database\\Eloquent\\Model.php:1811)
[stacktrace]
#0 C:\\xampp\\php\\ATTUTP\\vendor\\illuminate\\database\\Eloquent\\Model.php(1777): Illuminate\\Database\\Eloquent\\Model::resolveConnection(NULL)
#1 C:\\xampp\\php\\ATTUTP\\vendor\\illuminate\\database\\Eloquent\\Model.php(1569): Illuminate\\Database\\Eloquent\\Model->getConnection()
#2 C:\\xampp\\php\\ATTUTP\\vendor\\illuminate\\database\\Eloquent\\Model.php(1486): Illuminate\\Database\\Eloquent\\Model->newBaseQueryBuilder()
#3 C:\\xampp\\php\\ATTUTP\\vendor\\illuminate\\database\\Eloquent\\Model.php(1107): Illuminate\\Database\\Eloquent\\Model->newModelQuery()
#4 C:\\xampp\\php\\ATTUTP\\app\\Http\\Controllers\\ControladorUsuarios.php(37): Illuminate\\Database\\Eloquent\\Model->save()
#5 C:\\xampp\\php\\ATTUTP\\vendor\\illuminate\\container\\BoundMethod.php(36): App\\Http\\Controllers\\ControladorUsuarios->crear(Object(Laravel\\Lumen\\Http\\Request))
#6 C:\\xampp\\php\\ATTUTP\\vendor\\illuminate\\container\\Util.php(41): Illuminate\\Container\\BoundMethod::Illuminate\\Container\\{closure}()
#7 C:\\xampp\\php\\ATTUTP\\vendor\\illuminate\\container\\BoundMethod.php(93): Illuminate\\Container\\Util::unwrapIfClosure(Object(Closure))
#8 C:\\xampp\\php\\ATTUTP\\vendor\\illuminate\\container\\BoundMethod.php(37): Illuminate\\Container\\BoundMethod::callBoundMethod(Object(Laravel\\Lumen\\Application), Array, Object(Closure))
#9 C:\\xampp\\php\\ATTUTP\\vendor\\illuminate\\container\\Container.php(651): Illuminate\\Container\\BoundMethod::call(Object(Laravel\\Lumen\\Application), Array, Array, NULL)
#10 C:\\xampp\\php\\ATTUTP\\vendor\\laravel\\lumen-framework\\src\\Concerns\\RoutesRequests.php(391): Illuminate\\Container\\Container->call(Array, Array)
#11 C:\\xampp\\php\\ATTUTP\\vendor\\laravel\\lumen-framework\\src\\Concerns\\RoutesRequests.php(357): Laravel\\Lumen\\Application->callControllerCallable(Array, Array)
#12 C:\\xampp\\php\\ATTUTP\\vendor\\laravel\\lumen-framework\\src\\Concerns\\RoutesRequests.php(331): Laravel\\Lumen\\Application->callLumenController(Object(App\\Http\\Controllers\\ControladorUsuarios), 'crear', Array)
#13 C:\\xampp\\php\\ATTUTP\\vendor\\laravel\\lumen-framework\\src\\Concerns\\RoutesRequests.php(284): Laravel\\Lumen\\Application->callControllerAction(Array)
#14 C:\\xampp\\php\\ATTUTP\\vendor\\laravel\\lumen-framework\\src\\Concerns\\RoutesRequests.php(269): Laravel\\Lumen\\Application->callActionOnArrayBasedRoute(Array)
#15 C:\\xampp\\php\\ATTUTP\\vendor\\laravel\\lumen-framework\\src\\Concerns\\RoutesRequests.php(171): Laravel\\Lumen\\Application->handleFoundRoute(Array)
#16 C:\\xampp\\php\\ATTUTP\\vendor\\laravel\\lumen-framework\\src\\Concerns\\RoutesRequests.php(431): Laravel\\Lumen\\Application->Laravel\\Lumen\\Concerns\\{closure}(Object(Laravel\\Lumen\\Http\\Request))
#17 C:\\xampp\\php\\ATTUTP\\vendor\\laravel\\lumen-framework\\src\\Concerns\\RoutesRequests.php(177): Laravel\\Lumen\\Application->sendThroughPipeline(Array, Object(Closure))
#18 C:\\xampp\\php\\ATTUTP\\vendor\\laravel\\lumen-framework\\src\\Concerns\\RoutesRequests.php(112): Laravel\\Lumen\\Application->dispatch(NULL)
#19 C:\\xampp\\php\\ATTUTP\\public\\index.php(28): Laravel\\Lumen\\Application->run()
#20 {main}
"} 
[2022-11-18 20:04:49] local.ERROR: Call to a member function connection() on null {"exception":"[object] (Error(code: 0): Call to a member function connection() on null at C:\\xampp\\php\\ATTUTP\\vendor\\illuminate\\database\\Eloquent\\Model.php:1811)
[stacktrace]
#0 C:\\xampp\\php\\ATTUTP\\vendor\\illuminate\\database\\Eloquent\\Model.php(1777): Illuminate\\Database\\Eloquent\\Model::resolveConnection(NULL)
#1 C:\\xampp\\php\\ATTUTP\\vendor\\illuminate\\database\\Eloquent\\Model.php(1569): Illuminate\\Database\\Eloquent\\Model->getConnection()
#2 C:\\xampp\\php\\ATTUTP\\vendor\\illuminate\\database\\Eloquent\\Model.php(1486): Illuminate\\Database\\Eloquent\\Model->newBaseQueryBuilder()
#3 C:\\xampp\\php\\ATTUTP\\vendor\\illuminate\\database\\Eloquent\\Model.php(1107): Illuminate\\Database\\Eloquent\\Model->newModelQuery()
#4 C:\\xampp\\php\\ATTUTP\\app\\Http\\Controllers\\ControladorUsuarios.php(37): Illuminate\\Database\\Eloquent\\Model->save()
#5 C:\\xampp\\php\\ATTUTP\\vendor\\illuminate\\container\\BoundMethod.php(36): App\\Http\\Controllers\\ControladorUsuarios->crear(Object(Laravel\\Lumen\\Http\\Request))
#6 C:\\xampp\\php\\ATTUTP\\vendor\\illuminate\\container\\Util.php(41): Illuminate\\Container\\BoundMethod::Illuminate\\Container\\{closure}()
#7 C:\\xampp\\php\\ATTUTP\\vendor\\illuminate\\container\\BoundMethod.php(93): Illuminate\\Container\\Util::unwrapIfClosure(Object(Closure))
#8 C:\\xampp\\php\\ATTUTP\\vendor\\illuminate\\container\\BoundMethod.php(37): Illuminate\\Container\\BoundMethod::callBoundMethod(Object(Laravel\\Lumen\\Application), Array, Object(Closure))
#9 C:\\xampp\\php\\ATTUTP\\vendor\\illuminate\\container\\Container.php(651): Illuminate\\Container\\BoundMethod::call(Object(Laravel\\Lumen\\Application), Array, Array, NULL)
#10 C:\\xampp\\php\\ATTUTP\\vendor\\laravel\\lumen-framework\\src\\Concerns\\RoutesRequests.php(391): Illuminate\\Container\\Container->call(Array, Array)
#11 C:\\xampp\\php\\ATTUTP\\vendor\\laravel\\lumen-framework\\src\\Concerns\\RoutesRequests.php(357): Laravel\\Lumen\\Application->callControllerCallable(Array, Array)
#12 C:\\xampp\\php\\ATTUTP\\vendor\\laravel\\lumen-framework\\src\\Concerns\\RoutesRequests.php(331): Laravel\\Lumen\\Application->callLumenController(Object(App\\Http\\Controllers\\ControladorUsuarios), 'crear', Array)
#13 C:\\xampp\\php\\ATTUTP\\vendor\\laravel\\lumen-framework\\src\\Concerns\\RoutesRequests.php(284): Laravel\\Lumen\\Application->callControllerAction(Array)
#14 C:\\xampp\\php\\ATTUTP\\vendor\\laravel\\lumen-framework\\src\\Concerns\\RoutesRequests.php(269): Laravel\\Lumen\\Application->callActionOnArrayBasedRoute(Array)
#15 C:\\xampp\\php\\ATTUTP\\vendor\\laravel\\lumen-framework\\src\\Concerns\\RoutesRequests.php(171): Laravel\\Lumen\\Application->handleFoundRoute(Array)
#16 C:\\xampp\\php\\ATTUTP\\vendor\\laravel\\lumen-framework\\src\\Concerns\\RoutesRequests.php(431): Laravel\\Lumen\\Application->Laravel\\Lumen\\Concerns\\{closure}(Object(Laravel\\Lumen\\Http\\Request))
#17 C:\\xampp\\php\\ATTUTP\\vendor\\laravel\\lumen-framework\\src\\Concerns\\RoutesRequests.php(177): Laravel\\Lumen\\Application->sendThroughPipeline(Array, Object(Closure))
#18 C:\\xampp\\php\\ATTUTP\\vendor\\laravel\\lumen-framework\\src\\Concerns\\RoutesRequests.php(112): Laravel\\Lumen\\Application->dispatch(NULL)
#19 C:\\xampp\\php\\ATTUTP\\public\\index.php(28): Laravel\\Lumen\\Application->run()
#20 {main}
"} 
[2022-11-18 20:05:08] local.ERROR: Call to a member function connection() on null {"exception":"[object] (Error(code: 0): Call to a member function connection() on null at C:\\xampp\\php\\ATTUTP\\vendor\\illuminate\\database\\Eloquent\\Model.php:1811)
[stacktrace]
#0 C:\\xampp\\php\\ATTUTP\\vendor\\illuminate\\database\\Eloquent\\Model.php(1777): Illuminate\\Database\\Eloquent\\Model::resolveConnection(NULL)
#1 C:\\xampp\\php\\ATTUTP\\vendor\\illuminate\\database\\Eloquent\\Model.php(1569): Illuminate\\Database\\Eloquent\\Model->getConnection()
#2 C:\\xampp\\php\\ATTUTP\\vendor\\illuminate\\database\\Eloquent\\Model.php(1486): Illuminate\\Database\\Eloquent\\Model->newBaseQueryBuilder()
#3 C:\\xampp\\php\\ATTUTP\\vendor\\illuminate\\database\\Eloquent\\Model.php(1107): Illuminate\\Database\\Eloquent\\Model->newModelQuery()
#4 C:\\xampp\\php\\ATTUTP\\app\\Http\\Controllers\\ControladorUsuarios.php(37): Illuminate\\Database\\Eloquent\\Model->save()
#5 C:\\xampp\\php\\ATTUTP\\vendor\\illuminate\\container\\BoundMethod.php(36): App\\Http\\Controllers\\ControladorUsuarios->crear(Object(Laravel\\Lumen\\Http\\Request))
#6 C:\\xampp\\php\\ATTUTP\\vendor\\illuminate\\container\\Util.php(41): Illuminate\\Container\\BoundMethod::Illuminate\\Container\\{closure}()
#7 C:\\xampp\\php\\ATTUTP\\vendor\\illuminate\\container\\BoundMethod.php(93): Illuminate\\Container\\Util::unwrapIfClosure(Object(Closure))
#8 C:\\xampp\\php\\ATTUTP\\vendor\\illuminate\\container\\BoundMethod.php(37): Illuminate\\Container\\BoundMethod::callBoundMethod(Object(Laravel\\Lumen\\Application), Array, Object(Closure))
#9 C:\\xampp\\php\\ATTUTP\\vendor\\illuminate\\container\\Container.php(651): Illuminate\\Container\\BoundMethod::call(Object(Laravel\\Lumen\\Application), Array, Array, NULL)
#10 C:\\xampp\\php\\ATTUTP\\vendor\\laravel\\lumen-framework\\src\\Concerns\\RoutesRequests.php(391): Illuminate\\Container\\Container->call(Array, Array)
#11 C:\\xampp\\php\\ATTUTP\\vendor\\laravel\\lumen-framework\\src\\Concerns\\RoutesRequests.php(357): Laravel\\Lumen\\Application->callControllerCallable(Array, Array)
#12 C:\\xampp\\php\\ATTUTP\\vendor\\laravel\\lumen-framework\\src\\Concerns\\RoutesRequests.php(331): Laravel\\Lumen\\Application->callLumenController(Object(App\\Http\\Controllers\\ControladorUsuarios), 'crear', Array)
#13 C:\\xampp\\php\\ATTUTP\\vendor\\laravel\\lumen-framework\\src\\Concerns\\RoutesRequests.php(284): Laravel\\Lumen\\Application->callControllerAction(Array)
#14 C:\\xampp\\php\\ATTUTP\\vendor\\laravel\\lumen-framework\\src\\Concerns\\RoutesRequests.php(269): Laravel\\Lumen\\Application->callActionOnArrayBasedRoute(Array)
#15 C:\\xampp\\php\\ATTUTP\\vendor\\laravel\\lumen-framework\\src\\Concerns\\RoutesRequests.php(171): Laravel\\Lumen\\Application->handleFoundRoute(Array)
#16 C:\\xampp\\php\\ATTUTP\\vendor\\laravel\\lumen-framework\\src\\Concerns\\RoutesRequests.php(431): Laravel\\Lumen\\Application->Laravel\\Lumen\\Concerns\\{closure}(Object(Laravel\\Lumen\\Http\\Request))
#17 C:\\xampp\\php\\ATTUTP\\vendor\\laravel\\lumen-framework\\src\\Concerns\\RoutesRequests.php(177): Laravel\\Lumen\\Application->sendThroughPipeline(Array, Object(Closure))
#18 C:\\xampp\\php\\ATTUTP\\vendor\\laravel\\lumen-framework\\src\\Concerns\\RoutesRequests.php(112): Laravel\\Lumen\\Application->dispatch(NULL)
#19 C:\\xampp\\php\\ATTUTP\\public\\index.php(28): Laravel\\Lumen\\Application->run()
#20 {main}
"} 
[2022-11-18 20:06:25] local.ERROR: Call to a member function connection() on null {"exception":"[object] (Error(code: 0): Call to a member function connection() on null at C:\\xampp\\php\\ATTUTP\\vendor\\illuminate\\database\\Eloquent\\Model.php:1811)
[stacktrace]
#0 C:\\xampp\\php\\ATTUTP\\vendor\\illuminate\\database\\Eloquent\\Model.php(1777): Illuminate\\Database\\Eloquent\\Model::resolveConnection(NULL)
#1 C:\\xampp\\php\\ATTUTP\\vendor\\illuminate\\database\\Eloquent\\Model.php(1569): Illuminate\\Database\\Eloquent\\Model->getConnection()
#2 C:\\xampp\\php\\ATTUTP\\vendor\\illuminate\\database\\Eloquent\\Model.php(1486): Illuminate\\Database\\Eloquent\\Model->newBaseQueryBuilder()
#3 C:\\xampp\\php\\ATTUTP\\vendor\\illuminate\\database\\Eloquent\\Model.php(1107): Illuminate\\Database\\Eloquent\\Model->newModelQuery()
#4 C:\\xampp\\php\\ATTUTP\\app\\Http\\Controllers\\ControladorUsuarios.php(37): Illuminate\\Database\\Eloquent\\Model->save()
#5 C:\\xampp\\php\\ATTUTP\\vendor\\illuminate\\container\\BoundMethod.php(36): App\\Http\\Controllers\\ControladorUsuarios->crear(Object(Laravel\\Lumen\\Http\\Request))
#6 C:\\xampp\\php\\ATTUTP\\vendor\\illuminate\\container\\Util.php(41): Illuminate\\Container\\BoundMethod::Illuminate\\Container\\{closure}()
#7 C:\\xampp\\php\\ATTUTP\\vendor\\illuminate\\container\\BoundMethod.php(93): Illuminate\\Container\\Util::unwrapIfClosure(Object(Closure))
#8 C:\\xampp\\php\\ATTUTP\\vendor\\illuminate\\container\\BoundMethod.php(37): Illuminate\\Container\\BoundMethod::callBoundMethod(Object(Laravel\\Lumen\\Application), Array, Object(Closure))
#9 C:\\xampp\\php\\ATTUTP\\vendor\\illuminate\\container\\Container.php(651): Illuminate\\Container\\BoundMethod::call(Object(Laravel\\Lumen\\Application), Array, Array, NULL)
#10 C:\\xampp\\php\\ATTUTP\\vendor\\laravel\\lumen-framework\\src\\Concerns\\RoutesRequests.php(391): Illuminate\\Container\\Container->call(Array, Array)
#11 C:\\xampp\\php\\ATTUTP\\vendor\\laravel\\lumen-framework\\src\\Concerns\\RoutesRequests.php(357): Laravel\\Lumen\\Application->callControllerCallable(Array, Array)
#12 C:\\xampp\\php\\ATTUTP\\vendor\\laravel\\lumen-framework\\src\\Concerns\\RoutesRequests.php(331): Laravel\\Lumen\\Application->callLumenController(Object(App\\Http\\Controllers\\ControladorUsuarios), 'crear', Array)
#13 C:\\xampp\\php\\ATTUTP\\vendor\\laravel\\lumen-framework\\src\\Concerns\\RoutesRequests.php(284): Laravel\\Lumen\\Application->callControllerAction(Array)
#14 C:\\xampp\\php\\ATTUTP\\vendor\\laravel\\lumen-framework\\src\\Concerns\\RoutesRequests.php(269): Laravel\\Lumen\\Application->callActionOnArrayBasedRoute(Array)
#15 C:\\xampp\\php\\ATTUTP\\vendor\\laravel\\lumen-framework\\src\\Concerns\\RoutesRequests.php(171): Laravel\\Lumen\\Application->handleFoundRoute(Array)
#16 C:\\xampp\\php\\ATTUTP\\vendor\\laravel\\lumen-framework\\src\\Concerns\\RoutesRequests.php(431): Laravel\\Lumen\\Application->Laravel\\Lumen\\Concerns\\{closure}(Object(Laravel\\Lumen\\Http\\Request))
#17 C:\\xampp\\php\\ATTUTP\\vendor\\laravel\\lumen-framework\\src\\Concerns\\RoutesRequests.php(177): Laravel\\Lumen\\Application->sendThroughPipeline(Array, Object(Closure))
#18 C:\\xampp\\php\\ATTUTP\\vendor\\laravel\\lumen-framework\\src\\Concerns\\RoutesRequests.php(112): Laravel\\Lumen\\Application->dispatch(NULL)
#19 C:\\xampp\\php\\ATTUTP\\public\\index.php(28): Laravel\\Lumen\\Application->run()
#20 {main}
"} 
[2022-11-18 20:06:32] local.ERROR: Call to a member function connection() on null {"exception":"[object] (Error(code: 0): Call to a member function connection() on null at C:\\xampp\\php\\ATTUTP\\vendor\\illuminate\\database\\Eloquent\\Model.php:1811)
[stacktrace]
#0 C:\\xampp\\php\\ATTUTP\\vendor\\illuminate\\database\\Eloquent\\Model.php(1777): Illuminate\\Database\\Eloquent\\Model::resolveConnection(NULL)
#1 C:\\xampp\\php\\ATTUTP\\vendor\\illuminate\\database\\Eloquent\\Model.php(1569): Illuminate\\Database\\Eloquent\\Model->getConnection()
#2 C:\\xampp\\php\\ATTUTP\\vendor\\illuminate\\database\\Eloquent\\Model.php(1486): Illuminate\\Database\\Eloquent\\Model->newBaseQueryBuilder()
#3 C:\\xampp\\php\\ATTUTP\\vendor\\illuminate\\database\\Eloquent\\Model.php(1522): Illuminate\\Database\\Eloquent\\Model->newModelQuery()
#4 C:\\xampp\\php\\ATTUTP\\vendor\\illuminate\\database\\Eloquent\\Model.php(1475): Illuminate\\Database\\Eloquent\\Model->newQueryWithoutScopes()
#5 C:\\xampp\\php\\ATTUTP\\vendor\\illuminate\\database\\Eloquent\\Model.php(1465): Illuminate\\Database\\Eloquent\\Model->newQuery()
#6 C:\\xampp\\php\\ATTUTP\\vendor\\illuminate\\database\\Eloquent\\Model.php(673): Illuminate\\Database\\Eloquent\\Model::query()
#7 C:\\xampp\\php\\ATTUTP\\app\\Http\\Controllers\\ControladorUsuarios.php(17): Illuminate\\Database\\Eloquent\\Model::all()
#8 C:\\xampp\\php\\ATTUTP\\vendor\\illuminate\\container\\BoundMethod.php(36): App\\Http\\Controllers\\ControladorUsuarios->indice()
#9 C:\\xampp\\php\\ATTUTP\\vendor\\illuminate\\container\\Util.php(41): Illuminate\\Container\\BoundMethod::Illuminate\\Container\\{closure}()
#10 C:\\xampp\\php\\ATTUTP\\vendor\\illuminate\\container\\BoundMethod.php(93): Illuminate\\Container\\Util::unwrapIfClosure(Object(Closure))
#11 C:\\xampp\\php\\ATTUTP\\vendor\\illuminate\\container\\BoundMethod.php(37): Illuminate\\Container\\BoundMethod::callBoundMethod(Object(Laravel\\Lumen\\Application), Array, Object(Closure))
#12 C:\\xampp\\php\\ATTUTP\\vendor\\illuminate\\container\\Container.php(651): Illuminate\\Container\\BoundMethod::call(Object(Laravel\\Lumen\\Application), Array, Array, NULL)
#13 C:\\xampp\\php\\ATTUTP\\vendor\\laravel\\lumen-framework\\src\\Concerns\\RoutesRequests.php(391): Illuminate\\Container\\Container->call(Array, Array)
#14 C:\\xampp\\php\\ATTUTP\\vendor\\laravel\\lumen-framework\\src\\Concerns\\RoutesRequests.php(357): Laravel\\Lumen\\Application->callControllerCallable(Array, Array)
#15 C:\\xampp\\php\\ATTUTP\\vendor\\laravel\\lumen-framework\\src\\Concerns\\RoutesRequests.php(331): Laravel\\Lumen\\Application->callLumenController(Object(App\\Http\\Controllers\\ControladorUsuarios), 'indice', Array)
#16 C:\\xampp\\php\\ATTUTP\\vendor\\laravel\\lumen-framework\\src\\Concerns\\RoutesRequests.php(284): Laravel\\Lumen\\Application->callControllerAction(Array)
#17 C:\\xampp\\php\\ATTUTP\\vendor\\laravel\\lumen-framework\\src\\Concerns\\RoutesRequests.php(269): Laravel\\Lumen\\Application->callActionOnArrayBasedRoute(Array)
#18 C:\\xampp\\php\\ATTUTP\\vendor\\laravel\\lumen-framework\\src\\Concerns\\RoutesRequests.php(171): Laravel\\Lumen\\Application->handleFoundRoute(Array)
#19 C:\\xampp\\php\\ATTUTP\\vendor\\laravel\\lumen-framework\\src\\Concerns\\RoutesRequests.php(431): Laravel\\Lumen\\Application->Laravel\\Lumen\\Concerns\\{closure}(Object(Laravel\\Lumen\\Http\\Request))
#20 C:\\xampp\\php\\ATTUTP\\vendor\\laravel\\lumen-framework\\src\\Concerns\\RoutesRequests.php(177): Laravel\\Lumen\\Application->sendThroughPipeline(Array, Object(Closure))
#21 C:\\xampp\\php\\ATTUTP\\vendor\\laravel\\lumen-framework\\src\\Concerns\\RoutesRequests.php(112): Laravel\\Lumen\\Application->dispatch(NULL)
#22 C:\\xampp\\php\\ATTUTP\\public\\index.php(28): Laravel\\Lumen\\Application->run()
#23 {main}
"} 
[2022-11-18 20:09:03] local.ERROR: Undefined variable $usuarios {"exception":"[object] (ErrorException(code: 0): Undefined variable $usuarios at C:\\xampp\\php\\ATTUTP\\app\\Http\\Controllers\\ControladorUsuarios.php:18)
[stacktrace]
#0 C:\\xampp\\php\\ATTUTP\\vendor\\laravel\\lumen-framework\\src\\Concerns\\RegistersExceptionHandlers.php(47): Laravel\\Lumen\\Application->handleError(2, 'Undefined varia...', 'C:\\\\xampp\\\\php\\\\AT...', 18)
#1 C:\\xampp\\php\\ATTUTP\\app\\Http\\Controllers\\ControladorUsuarios.php(18): Laravel\\Lumen\\Application->Laravel\\Lumen\\Concerns\\{closure}(2, 'Undefined varia...', 'C:\\\\xampp\\\\php\\\\AT...', 18)
#2 C:\\xampp\\php\\ATTUTP\\vendor\\illuminate\\container\\BoundMethod.php(36): App\\Http\\Controllers\\ControladorUsuarios->indice()
#3 C:\\xampp\\php\\ATTUTP\\vendor\\illuminate\\container\\Util.php(41): Illuminate\\Container\\BoundMethod::Illuminate\\Container\\{closure}()
#4 C:\\xampp\\php\\ATTUTP\\vendor\\illuminate\\container\\BoundMethod.php(93): Illuminate\\Container\\Util::unwrapIfClosure(Object(Closure))
#5 C:\\xampp\\php\\ATTUTP\\vendor\\illuminate\\container\\BoundMethod.php(37): Illuminate\\Container\\BoundMethod::callBoundMethod(Object(Laravel\\Lumen\\Application), Array, Object(Closure))
#6 C:\\xampp\\php\\ATTUTP\\vendor\\illuminate\\container\\Container.php(651): Illuminate\\Container\\BoundMethod::call(Object(Laravel\\Lumen\\Application), Array, Array, NULL)
#7 C:\\xampp\\php\\ATTUTP\\vendor\\laravel\\lumen-framework\\src\\Concerns\\RoutesRequests.php(391): Illuminate\\Container\\Container->call(Array, Array)
#8 C:\\xampp\\php\\ATTUTP\\vendor\\laravel\\lumen-framework\\src\\Concerns\\RoutesRequests.php(357): Laravel\\Lumen\\Application->callControllerCallable(Array, Array)
#9 C:\\xampp\\php\\ATTUTP\\vendor\\laravel\\lumen-framework\\src\\Concerns\\RoutesRequests.php(331): Laravel\\Lumen\\Application->callLumenController(Object(App\\Http\\Controllers\\ControladorUsuarios), 'indice', Array)
#10 C:\\xampp\\php\\ATTUTP\\vendor\\laravel\\lumen-framework\\src\\Concerns\\RoutesRequests.php(284): Laravel\\Lumen\\Application->callControllerAction(Array)
#11 C:\\xampp\\php\\ATTUTP\\vendor\\laravel\\lumen-framework\\src\\Concerns\\RoutesRequests.php(269): Laravel\\Lumen\\Application->callActionOnArrayBasedRoute(Array)
#12 C:\\xampp\\php\\ATTUTP\\vendor\\laravel\\lumen-framework\\src\\Concerns\\RoutesRequests.php(171): Laravel\\Lumen\\Application->handleFoundRoute(Array)
#13 C:\\xampp\\php\\ATTUTP\\vendor\\laravel\\lumen-framework\\src\\Concerns\\RoutesRequests.php(431): Laravel\\Lumen\\Application->Laravel\\Lumen\\Concerns\\{closure}(Object(Laravel\\Lumen\\Http\\Request))
#14 C:\\xampp\\php\\ATTUTP\\vendor\\laravel\\lumen-framework\\src\\Concerns\\RoutesRequests.php(177): Laravel\\Lumen\\Application->sendThroughPipeline(Array, Object(Closure))
#15 C:\\xampp\\php\\ATTUTP\\vendor\\laravel\\lumen-framework\\src\\Concerns\\RoutesRequests.php(112): Laravel\\Lumen\\Application->dispatch(NULL)
#16 C:\\xampp\\php\\ATTUTP\\public\\index.php(28): Laravel\\Lumen\\Application->run()
#17 {main}
"} 
[2022-11-18 20:09:48] local.ERROR: Undefined variable $usuarios {"exception":"[object] (ErrorException(code: 0): Undefined variable $usuarios at C:\\xampp\\php\\ATTUTP\\app\\Http\\Controllers\\ControladorUsuarios.php:18)
[stacktrace]
#0 C:\\xampp\\php\\ATTUTP\\vendor\\laravel\\lumen-framework\\src\\Concerns\\RegistersExceptionHandlers.php(47): Laravel\\Lumen\\Application->handleError(2, 'Undefined varia...', 'C:\\\\xampp\\\\php\\\\AT...', 18)
#1 C:\\xampp\\php\\ATTUTP\\app\\Http\\Controllers\\ControladorUsuarios.php(18): Laravel\\Lumen\\Application->Laravel\\Lumen\\Concerns\\{closure}(2, 'Undefined varia...', 'C:\\\\xampp\\\\php\\\\AT...', 18)
#2 C:\\xampp\\php\\ATTUTP\\vendor\\illuminate\\container\\BoundMethod.php(36): App\\Http\\Controllers\\ControladorUsuarios->indice()
#3 C:\\xampp\\php\\ATTUTP\\vendor\\illuminate\\container\\Util.php(41): Illuminate\\Container\\BoundMethod::Illuminate\\Container\\{closure}()
#4 C:\\xampp\\php\\ATTUTP\\vendor\\illuminate\\container\\BoundMethod.php(93): Illuminate\\Container\\Util::unwrapIfClosure(Object(Closure))
#5 C:\\xampp\\php\\ATTUTP\\vendor\\illuminate\\container\\BoundMethod.php(37): Illuminate\\Container\\BoundMethod::callBoundMethod(Object(Laravel\\Lumen\\Application), Array, Object(Closure))
#6 C:\\xampp\\php\\ATTUTP\\vendor\\illuminate\\container\\Container.php(651): Illuminate\\Container\\BoundMethod::call(Object(Laravel\\Lumen\\Application), Array, Array, NULL)
#7 C:\\xampp\\php\\ATTUTP\\vendor\\laravel\\lumen-framework\\src\\Concerns\\RoutesRequests.php(391): Illuminate\\Container\\Container->call(Array, Array)
#8 C:\\xampp\\php\\ATTUTP\\vendor\\laravel\\lumen-framework\\src\\Concerns\\RoutesRequests.php(357): Laravel\\Lumen\\Application->callControllerCallable(Array, Array)
#9 C:\\xampp\\php\\ATTUTP\\vendor\\laravel\\lumen-framework\\src\\Concerns\\RoutesRequests.php(331): Laravel\\Lumen\\Application->callLumenController(Object(App\\Http\\Controllers\\ControladorUsuarios), 'indice', Array)
#10 C:\\xampp\\php\\ATTUTP\\vendor\\laravel\\lumen-framework\\src\\Concerns\\RoutesRequests.php(284): Laravel\\Lumen\\Application->callControllerAction(Array)
#11 C:\\xampp\\php\\ATTUTP\\vendor\\laravel\\lumen-framework\\src\\Concerns\\RoutesRequests.php(269): Laravel\\Lumen\\Application->callActionOnArrayBasedRoute(Array)
#12 C:\\xampp\\php\\ATTUTP\\vendor\\laravel\\lumen-framework\\src\\Concerns\\RoutesRequests.php(171): Laravel\\Lumen\\Application->handleFoundRoute(Array)
#13 C:\\xampp\\php\\ATTUTP\\vendor\\laravel\\lumen-framework\\src\\Concerns\\RoutesRequests.php(431): Laravel\\Lumen\\Application->Laravel\\Lumen\\Concerns\\{closure}(Object(Laravel\\Lumen\\Http\\Request))
#14 C:\\xampp\\php\\ATTUTP\\vendor\\laravel\\lumen-framework\\src\\Concerns\\RoutesRequests.php(177): Laravel\\Lumen\\Application->sendThroughPipeline(Array, Object(Closure))
#15 C:\\xampp\\php\\ATTUTP\\vendor\\laravel\\lumen-framework\\src\\Concerns\\RoutesRequests.php(112): Laravel\\Lumen\\Application->dispatch(NULL)
#16 C:\\xampp\\php\\ATTUTP\\public\\index.php(28): Laravel\\Lumen\\Application->run()
#17 {main}
"} 
[2022-11-18 20:10:45] local.ERROR: Undefined variable $usuarios {"exception":"[object] (ErrorException(code: 0): Undefined variable $usuarios at C:\\xampp\\php\\ATTUTP\\app\\Http\\Controllers\\ControladorUsuarios.php:18)
[stacktrace]
#0 C:\\xampp\\php\\ATTUTP\\vendor\\laravel\\lumen-framework\\src\\Concerns\\RegistersExceptionHandlers.php(47): Laravel\\Lumen\\Application->handleError(2, 'Undefined varia...', 'C:\\\\xampp\\\\php\\\\AT...', 18)
#1 C:\\xampp\\php\\ATTUTP\\app\\Http\\Controllers\\ControladorUsuarios.php(18): Laravel\\Lumen\\Application->Laravel\\Lumen\\Concerns\\{closure}(2, 'Undefined varia...', 'C:\\\\xampp\\\\php\\\\AT...', 18)
#2 C:\\xampp\\php\\ATTUTP\\vendor\\illuminate\\container\\BoundMethod.php(36): App\\Http\\Controllers\\ControladorUsuarios->indice()
#3 C:\\xampp\\php\\ATTUTP\\vendor\\illuminate\\container\\Util.php(41): Illuminate\\Container\\BoundMethod::Illuminate\\Container\\{closure}()
#4 C:\\xampp\\php\\ATTUTP\\vendor\\illuminate\\container\\BoundMethod.php(93): Illuminate\\Container\\Util::unwrapIfClosure(Object(Closure))
#5 C:\\xampp\\php\\ATTUTP\\vendor\\illuminate\\container\\BoundMethod.php(37): Illuminate\\Container\\BoundMethod::callBoundMethod(Object(Laravel\\Lumen\\Application), Array, Object(Closure))
#6 C:\\xampp\\php\\ATTUTP\\vendor\\illuminate\\container\\Container.php(651): Illuminate\\Container\\BoundMethod::call(Object(Laravel\\Lumen\\Application), Array, Array, NULL)
#7 C:\\xampp\\php\\ATTUTP\\vendor\\laravel\\lumen-framework\\src\\Concerns\\RoutesRequests.php(391): Illuminate\\Container\\Container->call(Array, Array)
#8 C:\\xampp\\php\\ATTUTP\\vendor\\laravel\\lumen-framework\\src\\Concerns\\RoutesRequests.php(357): Laravel\\Lumen\\Application->callControllerCallable(Array, Array)
#9 C:\\xampp\\php\\ATTUTP\\vendor\\laravel\\lumen-framework\\src\\Concerns\\RoutesRequests.php(331): Laravel\\Lumen\\Application->callLumenController(Object(App\\Http\\Controllers\\ControladorUsuarios), 'indice', Array)
#10 C:\\xampp\\php\\ATTUTP\\vendor\\laravel\\lumen-framework\\src\\Concerns\\RoutesRequests.php(284): Laravel\\Lumen\\Application->callControllerAction(Array)
#11 C:\\xampp\\php\\ATTUTP\\vendor\\laravel\\lumen-framework\\src\\Concerns\\RoutesRequests.php(269): Laravel\\Lumen\\Application->callActionOnArrayBasedRoute(Array)
#12 C:\\xampp\\php\\ATTUTP\\vendor\\laravel\\lumen-framework\\src\\Concerns\\RoutesRequests.php(171): Laravel\\Lumen\\Application->handleFoundRoute(Array)
#13 C:\\xampp\\php\\ATTUTP\\vendor\\laravel\\lumen-framework\\src\\Concerns\\RoutesRequests.php(431): Laravel\\Lumen\\Application->Laravel\\Lumen\\Concerns\\{closure}(Object(Laravel\\Lumen\\Http\\Request))
#14 C:\\xampp\\php\\ATTUTP\\vendor\\laravel\\lumen-framework\\src\\Concerns\\RoutesRequests.php(177): Laravel\\Lumen\\Application->sendThroughPipeline(Array, Object(Closure))
#15 C:\\xampp\\php\\ATTUTP\\vendor\\laravel\\lumen-framework\\src\\Concerns\\RoutesRequests.php(112): Laravel\\Lumen\\Application->dispatch(NULL)
#16 C:\\xampp\\php\\ATTUTP\\public\\index.php(28): Laravel\\Lumen\\Application->run()
#17 {main}
"} 
[2022-11-18 20:11:07] local.ERROR: SQLSTATE[23000]: Integrity constraint violation: 1048 Column 'id_tipo_usuario' cannot be null (SQL: insert into `usuario` (`id_tipo_usuario`, `nombre`, `apellido`, `email`, `cedula`, `pass`, `foto`, `updated_at`, `created_at`) values (?, Luis, Ceballos, lfceballos24@gmail.com, 20-14-4700, 12345, xd, 2022-11-18 20:11:07, 2022-11-18 20:11:07)) {"exception":"[object] (Illuminate\\Database\\QueryException(code: 23000): SQLSTATE[23000]: Integrity constraint violation: 1048 Column 'id_tipo_usuario' cannot be null (SQL: insert into `usuario` (`id_tipo_usuario`, `nombre`, `apellido`, `email`, `cedula`, `pass`, `foto`, `updated_at`, `created_at`) values (?, Luis, Ceballos, lfceballos24@gmail.com, 20-14-4700, 12345, xd, 2022-11-18 20:11:07, 2022-11-18 20:11:07)) at C:\\xampp\\php\\ATTUTP\\vendor\\illuminate\\database\\Connection.php:760)
[stacktrace]
#0 C:\\xampp\\php\\ATTUTP\\vendor\\illuminate\\database\\Connection.php(720): Illuminate\\Database\\Connection->runQueryCallback('insert into `us...', Array, Object(Closure))
#1 C:\\xampp\\php\\ATTUTP\\vendor\\illuminate\\database\\Connection.php(546): Illuminate\\Database\\Connection->run('insert into `us...', Array, Object(Closure))
#2 C:\\xampp\\php\\ATTUTP\\vendor\\illuminate\\database\\Connection.php(498): Illuminate\\Database\\Connection->statement('insert into `us...', Array)
#3 C:\\xampp\\php\\ATTUTP\\vendor\\illuminate\\database\\Query\\Processors\\Processor.php(32): Illuminate\\Database\\Connection->insert('insert into `us...', Array)
#4 C:\\xampp\\php\\ATTUTP\\vendor\\illuminate\\database\\Query\\Builder.php(3266): Illuminate\\Database\\Query\\Processors\\Processor->processInsertGetId(Object(Illuminate\\Database\\Query\\Builder), 'insert into `us...', Array, 'id')
#5 C:\\xampp\\php\\ATTUTP\\vendor\\illuminate\\database\\Eloquent\\Builder.php(1861): Illuminate\\Database\\Query\\Builder->insertGetId(Array, 'id')
#6 C:\\xampp\\php\\ATTUTP\\vendor\\illuminate\\database\\Eloquent\\Model.php(1322): Illuminate\\Database\\Eloquent\\Builder->__call('insertGetId', Array)
#7 C:\\xampp\\php\\ATTUTP\\vendor\\illuminate\\database\\Eloquent\\Model.php(1287): Illuminate\\Database\\Eloquent\\Model->insertAndSetId(Object(Illuminate\\Database\\Eloquent\\Builder), Array)
#8 C:\\xampp\\php\\ATTUTP\\vendor\\illuminate\\database\\Eloquent\\Model.php(1128): Illuminate\\Database\\Eloquent\\Model->performInsert(Object(Illuminate\\Database\\Eloquent\\Builder))
#9 C:\\xampp\\php\\ATTUTP\\app\\Http\\Controllers\\ControladorUsuarios.php(37): Illuminate\\Database\\Eloquent\\Model->save()
#10 C:\\xampp\\php\\ATTUTP\\vendor\\illuminate\\container\\BoundMethod.php(36): App\\Http\\Controllers\\ControladorUsuarios->crear(Object(Laravel\\Lumen\\Http\\Request))
#11 C:\\xampp\\php\\ATTUTP\\vendor\\illuminate\\container\\Util.php(41): Illuminate\\Container\\BoundMethod::Illuminate\\Container\\{closure}()
#12 C:\\xampp\\php\\ATTUTP\\vendor\\illuminate\\container\\BoundMethod.php(93): Illuminate\\Container\\Util::unwrapIfClosure(Object(Closure))
#13 C:\\xampp\\php\\ATTUTP\\vendor\\illuminate\\container\\BoundMethod.php(37): Illuminate\\Container\\BoundMethod::callBoundMethod(Object(Laravel\\Lumen\\Application), Array, Object(Closure))
#14 C:\\xampp\\php\\ATTUTP\\vendor\\illuminate\\container\\Container.php(651): Illuminate\\Container\\BoundMethod::call(Object(Laravel\\Lumen\\Application), Array, Array, NULL)
#15 C:\\xampp\\php\\ATTUTP\\vendor\\laravel\\lumen-framework\\src\\Concerns\\RoutesRequests.php(391): Illuminate\\Container\\Container->call(Array, Array)
#16 C:\\xampp\\php\\ATTUTP\\vendor\\laravel\\lumen-framework\\src\\Concerns\\RoutesRequests.php(357): Laravel\\Lumen\\Application->callControllerCallable(Array, Array)
#17 C:\\xampp\\php\\ATTUTP\\vendor\\laravel\\lumen-framework\\src\\Concerns\\RoutesRequests.php(331): Laravel\\Lumen\\Application->callLumenController(Object(App\\Http\\Controllers\\ControladorUsuarios), 'crear', Array)
#18 C:\\xampp\\php\\ATTUTP\\vendor\\laravel\\lumen-framework\\src\\Concerns\\RoutesRequests.php(284): Laravel\\Lumen\\Application->callControllerAction(Array)
#19 C:\\xampp\\php\\ATTUTP\\vendor\\laravel\\lumen-framework\\src\\Concerns\\RoutesRequests.php(269): Laravel\\Lumen\\Application->callActionOnArrayBasedRoute(Array)
#20 C:\\xampp\\php\\ATTUTP\\vendor\\laravel\\lumen-framework\\src\\Concerns\\RoutesRequests.php(171): Laravel\\Lumen\\Application->handleFoundRoute(Array)
#21 C:\\xampp\\php\\ATTUTP\\vendor\\laravel\\lumen-framework\\src\\Concerns\\RoutesRequests.php(431): Laravel\\Lumen\\Application->Laravel\\Lumen\\Concerns\\{closure}(Object(Laravel\\Lumen\\Http\\Request))
#22 C:\\xampp\\php\\ATTUTP\\vendor\\laravel\\lumen-framework\\src\\Concerns\\RoutesRequests.php(177): Laravel\\Lumen\\Application->sendThroughPipeline(Array, Object(Closure))
#23 C:\\xampp\\php\\ATTUTP\\vendor\\laravel\\lumen-framework\\src\\Concerns\\RoutesRequests.php(112): Laravel\\Lumen\\Application->dispatch(NULL)
#24 C:\\xampp\\php\\ATTUTP\\public\\index.php(28): Laravel\\Lumen\\Application->run()
#25 {main}

[previous exception] [object] (PDOException(code: 23000): SQLSTATE[23000]: Integrity constraint violation: 1048 Column 'id_tipo_usuario' cannot be null at C:\\xampp\\php\\ATTUTP\\vendor\\illuminate\\database\\Connection.php:545)
[stacktrace]
#0 C:\\xampp\\php\\ATTUTP\\vendor\\illuminate\\database\\Connection.php(545): PDOStatement->execute()
#1 C:\\xampp\\php\\ATTUTP\\vendor\\illuminate\\database\\Connection.php(753): Illuminate\\Database\\Connection->Illuminate\\Database\\{closure}('insert into `us...', Array)
#2 C:\\xampp\\php\\ATTUTP\\vendor\\illuminate\\database\\Connection.php(720): Illuminate\\Database\\Connection->runQueryCallback('insert into `us...', Array, Object(Closure))
#3 C:\\xampp\\php\\ATTUTP\\vendor\\illuminate\\database\\Connection.php(546): Illuminate\\Database\\Connection->run('insert into `us...', Array, Object(Closure))
#4 C:\\xampp\\php\\ATTUTP\\vendor\\illuminate\\database\\Connection.php(498): Illuminate\\Database\\Connection->statement('insert into `us...', Array)
#5 C:\\xampp\\php\\ATTUTP\\vendor\\illuminate\\database\\Query\\Processors\\Processor.php(32): Illuminate\\Database\\Connection->insert('insert into `us...', Array)
#6 C:\\xampp\\php\\ATTUTP\\vendor\\illuminate\\database\\Query\\Builder.php(3266): Illuminate\\Database\\Query\\Processors\\Processor->processInsertGetId(Object(Illuminate\\Database\\Query\\Builder), 'insert into `us...', Array, 'id')
#7 C:\\xampp\\php\\ATTUTP\\vendor\\illuminate\\database\\Eloquent\\Builder.php(1861): Illuminate\\Database\\Query\\Builder->insertGetId(Array, 'id')
#8 C:\\xampp\\php\\ATTUTP\\vendor\\illuminate\\database\\Eloquent\\Model.php(1322): Illuminate\\Database\\Eloquent\\Builder->__call('insertGetId', Array)
#9 C:\\xampp\\php\\ATTUTP\\vendor\\illuminate\\database\\Eloquent\\Model.php(1287): Illuminate\\Database\\Eloquent\\Model->insertAndSetId(Object(Illuminate\\Database\\Eloquent\\Builder), Array)
#10 C:\\xampp\\php\\ATTUTP\\vendor\\illuminate\\database\\Eloquent\\Model.php(1128): Illuminate\\Database\\Eloquent\\Model->performInsert(Object(Illuminate\\Database\\Eloquent\\Builder))
#11 C:\\xampp\\php\\ATTUTP\\app\\Http\\Controllers\\ControladorUsuarios.php(37): Illuminate\\Database\\Eloquent\\Model->save()
#12 C:\\xampp\\php\\ATTUTP\\vendor\\illuminate\\container\\BoundMethod.php(36): App\\Http\\Controllers\\ControladorUsuarios->crear(Object(Laravel\\Lumen\\Http\\Request))
#13 C:\\xampp\\php\\ATTUTP\\vendor\\illuminate\\container\\Util.php(41): Illuminate\\Container\\BoundMethod::Illuminate\\Container\\{closure}()
#14 C:\\xampp\\php\\ATTUTP\\vendor\\illuminate\\container\\BoundMethod.php(93): Illuminate\\Container\\Util::unwrapIfClosure(Object(Closure))
#15 C:\\xampp\\php\\ATTUTP\\vendor\\illuminate\\container\\BoundMethod.php(37): Illuminate\\Container\\BoundMethod::callBoundMethod(Object(Laravel\\Lumen\\Application), Array, Object(Closure))
#16 C:\\xampp\\php\\ATTUTP\\vendor\\illuminate\\container\\Container.php(651): Illuminate\\Container\\BoundMethod::call(Object(Laravel\\Lumen\\Application), Array, Array, NULL)
#17 C:\\xampp\\php\\ATTUTP\\vendor\\laravel\\lumen-framework\\src\\Concerns\\RoutesRequests.php(391): Illuminate\\Container\\Container->call(Array, Array)
#18 C:\\xampp\\php\\ATTUTP\\vendor\\laravel\\lumen-framework\\src\\Concerns\\RoutesRequests.php(357): Laravel\\Lumen\\Application->callControllerCallable(Array, Array)
#19 C:\\xampp\\php\\ATTUTP\\vendor\\laravel\\lumen-framework\\src\\Concerns\\RoutesRequests.php(331): Laravel\\Lumen\\Application->callLumenController(Object(App\\Http\\Controllers\\ControladorUsuarios), 'crear', Array)
#20 C:\\xampp\\php\\ATTUTP\\vendor\\laravel\\lumen-framework\\src\\Concerns\\RoutesRequests.php(284): Laravel\\Lumen\\Application->callControllerAction(Array)
#21 C:\\xampp\\php\\ATTUTP\\vendor\\laravel\\lumen-framework\\src\\Concerns\\RoutesRequests.php(269): Laravel\\Lumen\\Application->callActionOnArrayBasedRoute(Array)
#22 C:\\xampp\\php\\ATTUTP\\vendor\\laravel\\lumen-framework\\src\\Concerns\\RoutesRequests.php(171): Laravel\\Lumen\\Application->handleFoundRoute(Array)
#23 C:\\xampp\\php\\ATTUTP\\vendor\\laravel\\lumen-framework\\src\\Concerns\\RoutesRequests.php(431): Laravel\\Lumen\\Application->Laravel\\Lumen\\Concerns\\{closure}(Object(Laravel\\Lumen\\Http\\Request))
#24 C:\\xampp\\php\\ATTUTP\\vendor\\laravel\\lumen-framework\\src\\Concerns\\RoutesRequests.php(177): Laravel\\Lumen\\Application->sendThroughPipeline(Array, Object(Closure))
#25 C:\\xampp\\php\\ATTUTP\\vendor\\laravel\\lumen-framework\\src\\Concerns\\RoutesRequests.php(112): Laravel\\Lumen\\Application->dispatch(NULL)
#26 C:\\xampp\\php\\ATTUTP\\public\\index.php(28): Laravel\\Lumen\\Application->run()
#27 {main}
"} 
[2022-11-18 20:30:37] local.ERROR: SQLSTATE[42S22]: Column not found: 1054 Unknown column 'usuario' in 'field list' (SQL: select `usuario` from `usuario`) {"exception":"[object] (Illuminate\\Database\\QueryException(code: 42S22): SQLSTATE[42S22]: Column not found: 1054 Unknown column 'usuario' in 'field list' (SQL: select `usuario` from `usuario`) at C:\\xampp\\php\\ATTUTP\\vendor\\illuminate\\database\\Connection.php:760)
[stacktrace]
#0 C:\\xampp\\php\\ATTUTP\\vendor\\illuminate\\database\\Connection.php(720): Illuminate\\Database\\Connection->runQueryCallback('select `usuario...', Array, Object(Closure))
#1 C:\\xampp\\php\\ATTUTP\\vendor\\illuminate\\database\\Connection.php(422): Illuminate\\Database\\Connection->run('select `usuario...', Array, Object(Closure))
#2 C:\\xampp\\php\\ATTUTP\\vendor\\illuminate\\database\\Query\\Builder.php(2650): Illuminate\\Database\\Connection->select('select `usuario...', Array, true)
#3 C:\\xampp\\php\\ATTUTP\\vendor\\illuminate\\database\\Query\\Builder.php(2638): Illuminate\\Database\\Query\\Builder->runSelect()
#4 C:\\xampp\\php\\ATTUTP\\vendor\\illuminate\\database\\Query\\Builder.php(3174): Illuminate\\Database\\Query\\Builder->Illuminate\\Database\\Query\\{closure}()
#5 C:\\xampp\\php\\ATTUTP\\vendor\\illuminate\\database\\Query\\Builder.php(2639): Illuminate\\Database\\Query\\Builder->onceWithColumns(Array, Object(Closure))
#6 C:\\xampp\\php\\ATTUTP\\vendor\\illuminate\\database\\Eloquent\\Builder.php(702): Illuminate\\Database\\Query\\Builder->get(Array)
#7 C:\\xampp\\php\\ATTUTP\\vendor\\illuminate\\database\\Eloquent\\Builder.php(686): Illuminate\\Database\\Eloquent\\Builder->getModels(Array)
#8 C:\\xampp\\php\\ATTUTP\\vendor\\illuminate\\database\\Eloquent\\Model.php(674): Illuminate\\Database\\Eloquent\\Builder->get(Array)
#9 C:\\xampp\\php\\ATTUTP\\app\\Http\\Controllers\\ControladorUsuarios.php(12): Illuminate\\Database\\Eloquent\\Model::all('usuario')
#10 C:\\xampp\\php\\ATTUTP\\vendor\\illuminate\\container\\BoundMethod.php(36): App\\Http\\Controllers\\ControladorUsuarios->login(Object(Laravel\\Lumen\\Http\\Request))
#11 C:\\xampp\\php\\ATTUTP\\vendor\\illuminate\\container\\Util.php(41): Illuminate\\Container\\BoundMethod::Illuminate\\Container\\{closure}()
#12 C:\\xampp\\php\\ATTUTP\\vendor\\illuminate\\container\\BoundMethod.php(93): Illuminate\\Container\\Util::unwrapIfClosure(Object(Closure))
#13 C:\\xampp\\php\\ATTUTP\\vendor\\illuminate\\container\\BoundMethod.php(37): Illuminate\\Container\\BoundMethod::callBoundMethod(Object(Laravel\\Lumen\\Application), Array, Object(Closure))
#14 C:\\xampp\\php\\ATTUTP\\vendor\\illuminate\\container\\Container.php(651): Illuminate\\Container\\BoundMethod::call(Object(Laravel\\Lumen\\Application), Array, Array, NULL)
#15 C:\\xampp\\php\\ATTUTP\\vendor\\laravel\\lumen-framework\\src\\Concerns\\RoutesRequests.php(391): Illuminate\\Container\\Container->call(Array, Array)
#16 C:\\xampp\\php\\ATTUTP\\vendor\\laravel\\lumen-framework\\src\\Concerns\\RoutesRequests.php(357): Laravel\\Lumen\\Application->callControllerCallable(Array, Array)
#17 C:\\xampp\\php\\ATTUTP\\vendor\\laravel\\lumen-framework\\src\\Concerns\\RoutesRequests.php(331): Laravel\\Lumen\\Application->callLumenController(Object(App\\Http\\Controllers\\ControladorUsuarios), 'login', Array)
#18 C:\\xampp\\php\\ATTUTP\\vendor\\laravel\\lumen-framework\\src\\Concerns\\RoutesRequests.php(284): Laravel\\Lumen\\Application->callControllerAction(Array)
#19 C:\\xampp\\php\\ATTUTP\\vendor\\laravel\\lumen-framework\\src\\Concerns\\RoutesRequests.php(269): Laravel\\Lumen\\Application->callActionOnArrayBasedRoute(Array)
#20 C:\\xampp\\php\\ATTUTP\\vendor\\laravel\\lumen-framework\\src\\Concerns\\RoutesRequests.php(171): Laravel\\Lumen\\Application->handleFoundRoute(Array)
#21 C:\\xampp\\php\\ATTUTP\\vendor\\laravel\\lumen-framework\\src\\Concerns\\RoutesRequests.php(431): Laravel\\Lumen\\Application->Laravel\\Lumen\\Concerns\\{closure}(Object(Laravel\\Lumen\\Http\\Request))
#22 C:\\xampp\\php\\ATTUTP\\vendor\\laravel\\lumen-framework\\src\\Concerns\\RoutesRequests.php(177): Laravel\\Lumen\\Application->sendThroughPipeline(Array, Object(Closure))
#23 C:\\xampp\\php\\ATTUTP\\vendor\\laravel\\lumen-framework\\src\\Concerns\\RoutesRequests.php(112): Laravel\\Lumen\\Application->dispatch(NULL)
#24 C:\\xampp\\php\\ATTUTP\\public\\index.php(28): Laravel\\Lumen\\Application->run()
#25 {main}

[previous exception] [object] (PDOException(code: 42S22): SQLSTATE[42S22]: Column not found: 1054 Unknown column 'usuario' in 'field list' at C:\\xampp\\php\\ATTUTP\\vendor\\illuminate\\database\\Connection.php:414)
[stacktrace]
#0 C:\\xampp\\php\\ATTUTP\\vendor\\illuminate\\database\\Connection.php(414): PDO->prepare('select `usuario...')
#1 C:\\xampp\\php\\ATTUTP\\vendor\\illuminate\\database\\Connection.php(753): Illuminate\\Database\\Connection->Illuminate\\Database\\{closure}('select `usuario...', Array)
#2 C:\\xampp\\php\\ATTUTP\\vendor\\illuminate\\database\\Connection.php(720): Illuminate\\Database\\Connection->runQueryCallback('select `usuario...', Array, Object(Closure))
#3 C:\\xampp\\php\\ATTUTP\\vendor\\illuminate\\database\\Connection.php(422): Illuminate\\Database\\Connection->run('select `usuario...', Array, Object(Closure))
#4 C:\\xampp\\php\\ATTUTP\\vendor\\illuminate\\database\\Query\\Builder.php(2650): Illuminate\\Database\\Connection->select('select `usuario...', Array, true)
#5 C:\\xampp\\php\\ATTUTP\\vendor\\illuminate\\database\\Query\\Builder.php(2638): Illuminate\\Database\\Query\\Builder->runSelect()
#6 C:\\xampp\\php\\ATTUTP\\vendor\\illuminate\\database\\Query\\Builder.php(3174): Illuminate\\Database\\Query\\Builder->Illuminate\\Database\\Query\\{closure}()
#7 C:\\xampp\\php\\ATTUTP\\vendor\\illuminate\\database\\Query\\Builder.php(2639): Illuminate\\Database\\Query\\Builder->onceWithColumns(Array, Object(Closure))
#8 C:\\xampp\\php\\ATTUTP\\vendor\\illuminate\\database\\Eloquent\\Builder.php(702): Illuminate\\Database\\Query\\Builder->get(Array)
#9 C:\\xampp\\php\\ATTUTP\\vendor\\illuminate\\database\\Eloquent\\Builder.php(686): Illuminate\\Database\\Eloquent\\Builder->getModels(Array)
#10 C:\\xampp\\php\\ATTUTP\\vendor\\illuminate\\database\\Eloquent\\Model.php(674): Illuminate\\Database\\Eloquent\\Builder->get(Array)
#11 C:\\xampp\\php\\ATTUTP\\app\\Http\\Controllers\\ControladorUsuarios.php(12): Illuminate\\Database\\Eloquent\\Model::all('usuario')
#12 C:\\xampp\\php\\ATTUTP\\vendor\\illuminate\\container\\BoundMethod.php(36): App\\Http\\Controllers\\ControladorUsuarios->login(Object(Laravel\\Lumen\\Http\\Request))
#13 C:\\xampp\\php\\ATTUTP\\vendor\\illuminate\\container\\Util.php(41): Illuminate\\Container\\BoundMethod::Illuminate\\Container\\{closure}()
#14 C:\\xampp\\php\\ATTUTP\\vendor\\illuminate\\container\\BoundMethod.php(93): Illuminate\\Container\\Util::unwrapIfClosure(Object(Closure))
#15 C:\\xampp\\php\\ATTUTP\\vendor\\illuminate\\container\\BoundMethod.php(37): Illuminate\\Container\\BoundMethod::callBoundMethod(Object(Laravel\\Lumen\\Application), Array, Object(Closure))
#16 C:\\xampp\\php\\ATTUTP\\vendor\\illuminate\\container\\Container.php(651): Illuminate\\Container\\BoundMethod::call(Object(Laravel\\Lumen\\Application), Array, Array, NULL)
#17 C:\\xampp\\php\\ATTUTP\\vendor\\laravel\\lumen-framework\\src\\Concerns\\RoutesRequests.php(391): Illuminate\\Container\\Container->call(Array, Array)
#18 C:\\xampp\\php\\ATTUTP\\vendor\\laravel\\lumen-framework\\src\\Concerns\\RoutesRequests.php(357): Laravel\\Lumen\\Application->callControllerCallable(Array, Array)
#19 C:\\xampp\\php\\ATTUTP\\vendor\\laravel\\lumen-framework\\src\\Concerns\\RoutesRequests.php(331): Laravel\\Lumen\\Application->callLumenController(Object(App\\Http\\Controllers\\ControladorUsuarios), 'login', Array)
#20 C:\\xampp\\php\\ATTUTP\\vendor\\laravel\\lumen-framework\\src\\Concerns\\RoutesRequests.php(284): Laravel\\Lumen\\Application->callControllerAction(Array)
#21 C:\\xampp\\php\\ATTUTP\\vendor\\laravel\\lumen-framework\\src\\Concerns\\RoutesRequests.php(269): Laravel\\Lumen\\Application->callActionOnArrayBasedRoute(Array)
#22 C:\\xampp\\php\\ATTUTP\\vendor\\laravel\\lumen-framework\\src\\Concerns\\RoutesRequests.php(171): Laravel\\Lumen\\Application->handleFoundRoute(Array)
#23 C:\\xampp\\php\\ATTUTP\\vendor\\laravel\\lumen-framework\\src\\Concerns\\RoutesRequests.php(431): Laravel\\Lumen\\Application->Laravel\\Lumen\\Concerns\\{closure}(Object(Laravel\\Lumen\\Http\\Request))
#24 C:\\xampp\\php\\ATTUTP\\vendor\\laravel\\lumen-framework\\src\\Concerns\\RoutesRequests.php(177): Laravel\\Lumen\\Application->sendThroughPipeline(Array, Object(Closure))
#25 C:\\xampp\\php\\ATTUTP\\vendor\\laravel\\lumen-framework\\src\\Concerns\\RoutesRequests.php(112): Laravel\\Lumen\\Application->dispatch(NULL)
#26 C:\\xampp\\php\\ATTUTP\\public\\index.php(28): Laravel\\Lumen\\Application->run()
#27 {main}
"} 
